TN:
SF:/home/larry/Dev/books/client/components/api.js
FN:2,(anonymous_0)
FN:10,(anonymous_1)
FN:24,(anonymous_2)
FN:29,(anonymous_3)
FN:37,(anonymous_4)
FN:51,(anonymous_5)
FNF:6
FNH:0
FNDA:0,(anonymous_0)
FNDA:0,(anonymous_1)
FNDA:0,(anonymous_2)
FNDA:0,(anonymous_3)
FNDA:0,(anonymous_4)
FNDA:0,(anonymous_5)
DA:2,1
DA:4,0
DA:5,0
DA:6,0
DA:11,0
DA:12,0
DA:14,0
DA:25,0
DA:29,1
DA:30,0
DA:32,0
DA:33,0
DA:38,0
DA:39,0
DA:41,0
DA:52,0
LF:16
LH:2
BRDA:5,0,0,0
BRDA:5,0,1,0
BRDA:11,1,0,0
BRDA:11,1,1,0
BRDA:38,2,0,0
BRDA:38,2,1,0
BRF:6
BRH:0
end_of_record
TN:
SF:/home/larry/Dev/books/client/components/common/MainNav.jsx
FN:9,(anonymous_0)
FN:20,(anonymous_1)
FN:22,(anonymous_2)
FN:26,(anonymous_3)
FN:29,(anonymous_4)
FN:31,(anonymous_5)
FN:35,(anonymous_6)
FN:43,(anonymous_7)
FN:52,(anonymous_8)
FNF:9
FNH:4
FNDA:1,(anonymous_0)
FNDA:0,(anonymous_1)
FNDA:1,(anonymous_2)
FNDA:1,(anonymous_3)
FNDA:0,(anonymous_4)
FNDA:0,(anonymous_5)
FNDA:0,(anonymous_6)
FNDA:0,(anonymous_7)
FNDA:1,(anonymous_8)
DA:10,1
DA:11,1
DA:20,0
DA:23,1
DA:26,1
DA:29,0
DA:32,0
DA:33,0
DA:35,0
DA:36,0
DA:41,0
DA:42,0
DA:43,0
DA:53,1
DA:54,1
LF:15
LH:6
BRDA:36,0,0,0
BRDA:36,0,1,0
BRDA:41,1,0,0
BRDA:41,1,1,0
BRF:4
BRH:0
end_of_record
TN:
SF:/home/larry/Dev/books/client/components/common/ResultRenderer.jsx
FN:5,(anonymous_0)
FNF:1
FNH:0
FNDA:0,(anonymous_0)
DA:5,1
DA:6,0
LF:2
LH:1
BRF:0
BRH:0
end_of_record
